2018-04-13 10:22:23,663 [main] DEBUG  - Terminating processes
2018-04-13 10:22:23,746 [main] INFO   - 46946
2018-04-13 10:22:23,746 [main] INFO   - Trying to kill process with pid (s): [46946]
2018-04-13 10:22:23,754 [main] INFO   - No firefox process running
2018-04-13 10:22:23,764 [main] INFO   - 46932
2018-04-13 10:22:23,764 [main] INFO   - Trying to kill process with pid (s): [46932]
2018-04-13 10:22:23,773 [main] INFO   - No firefox process running
2018-04-13 10:22:23,776 [main] INFO   - path: Properties/Common/common-properties.xml
2018-04-13 10:22:24,022 [main] DEBUG  - indexUrl :http://admin:sky@192.168.0.2/sky_index.html
2018-04-13 10:23:27,533 [main] DEBUG  - ************Opening The Browser******************
2018-04-13 10:23:27,533 [main] INFO   - =============================================
2018-04-13 10:23:27,534 [main] INFO   - 
2018-04-13 10:23:27,534 [main] INFO   - [2] ========= [ Test Case Id : GUI-SPEC-11 ]========= [ Testcase Name : 1000.0260 The product shall provide a link that will return the user directly to the GUI home page from every page presented ] =========
2018-04-13 10:23:27,534 [main] INFO   - 
2018-04-13 10:23:27,534 [main] DEBUG  - ######################## Maintenance Page #########################
2018-04-13 10:23:28,645 [main] DEBUG  -  Click Home Banner from Router Status page
2018-04-13 10:23:32,425 [main] DEBUG  -  Click Home Banner from Backup Settings page
2018-04-13 10:23:36,509 [main] INFO   - Set password
2018-04-13 10:23:36,521 [main] DEBUG  - Clicked Set Password page link
2018-04-13 10:23:36,521 [main] DEBUG  -  Click Home Banner from Set Password page
2018-04-13 10:23:39,930 [main] DEBUG  -  Click Home Banner from Router Upgrade page
2018-04-13 10:23:40,624 [main] DEBUG  - ########################  Wireless Page #########################
2018-04-13 10:23:41,374 [main] DEBUG  -  Click Home Banner from Wireless Setting page
2018-04-13 10:23:45,463 [main] DEBUG  -  Click Home Banner from Wireless Setting page
2018-04-13 10:24:01,454 [main] DEBUG  -  Click Home Banner from Add WPS Client page
2018-04-13 10:24:02,286 [main] DEBUG  - ########################  Security Page #########################
2018-04-13 10:24:02,286 [main] DEBUG  - Security Page is not available for Extender hence Ignored
2018-04-13 10:24:02,286 [main] DEBUG  - ########################  Diagnostics Page #########################
2018-04-13 10:24:04,110 [main] DEBUG  - ########################  Advanced Page #########################
2018-04-13 10:24:05,536 [main] DEBUG  - ########################  Support Page #########################
2018-04-13 10:24:06,405 [main] DEBUG  -  Click Home Banner from Support page
2018-04-13 10:24:07,014 [main] DEBUG  - ########################  Licence Page #########################
2018-04-13 10:24:07,761 [main] DEBUG  -  Click Home Banner from Licence page
2018-04-13 10:24:08,516 [main] DEBUG  - ************Closing The Browser******************
2018-04-13 10:24:08,516 [main] INFO   -  ==== [ Test Case Id : GUI-SPEC-11 ]==== [ Testcase Name : 1000.0260 The product shall provide a link that will return the user directly to the GUI home page from every page presented ] ====PASS

2018-04-13 15:37:27,587 [main] DEBUG  - Terminating processes
2018-04-13 15:37:27,670 [main] INFO   - 3693
2018-04-13 15:37:27,671 [main] INFO   - Trying to kill process with pid (s): [3693]
2018-04-13 15:37:27,681 [main] INFO   - No firefox process running
2018-04-13 15:37:27,694 [main] INFO   - 3679
2018-04-13 15:37:27,694 [main] INFO   - Trying to kill process with pid (s): [3679]
2018-04-13 15:37:27,704 [main] INFO   - No firefox process running
2018-04-13 15:37:27,707 [main] INFO   - path: Properties/Common/common-properties.xml
2018-04-13 15:37:27,942 [main] DEBUG  - indexUrl :http://admin:sky@192.168.0.2/sky_index.html
2018-04-13 15:38:31,439 [main] DEBUG  - ************Opening The Browser******************
2018-04-13 15:39:31,440 [main] INFO   - =============================================
2018-04-13 15:39:31,440 [main] INFO   - 
2018-04-13 15:39:31,440 [main] INFO   - [2] ========= [ Test Case Id : GUI-SPEC-4 ]========= [ Testcase Name : Requiremnet ID :1000.0552: The product shall provide a summary status page ] =========
2018-04-13 15:39:31,440 [main] INFO   - 
2018-04-13 15:39:32,249 [main] INFO   -  ==== [ Test Case Id : GUI-SPEC-4 ]==== [ Testcase Name : Requiremnet ID :1000.0552: The product shall provide a summary status page ] ====PASS

2018-04-13 15:45:35,457 [main] DEBUG  - Terminating processes
2018-04-13 15:45:35,539 [main] INFO   - 6222
2018-04-13 15:45:35,540 [main] INFO   - Trying to kill process with pid (s): [6222]
2018-04-13 15:45:35,549 [main] INFO   - No firefox process running
2018-04-13 15:45:35,557 [main] INFO   - 6208
2018-04-13 15:45:35,557 [main] INFO   - Trying to kill process with pid (s): [6208]
2018-04-13 15:45:35,566 [main] INFO   - No firefox process running
2018-04-13 15:45:35,569 [main] INFO   - path: Properties/Common/common-properties.xml
2018-04-13 15:45:35,832 [main] DEBUG  - indexUrl :http://admin:sky@192.168.0.2/sky_index.html
2018-04-13 15:46:39,212 [main] DEBUG  - ************Opening The Browser******************
2018-04-13 15:47:39,213 [main] INFO   - =============================================
2018-04-13 15:47:39,213 [main] INFO   - 
2018-04-13 15:47:39,213 [main] INFO   - [2] ========= [ Test Case Id : GUI-SPEC-4 ]========= [ Testcase Name : Requiremnet ID :1000.0552: The product shall provide a summary status page ] =========
2018-04-13 15:47:39,213 [main] INFO   - 
2018-04-13 15:47:39,213 [main] INFO   - Navigating to Home page
2018-04-13 15:47:40,001 [main] INFO   -  ==== [ Test Case Id : GUI-SPEC-4 ]==== [ Testcase Name : Requiremnet ID :1000.0552: The product shall provide a summary status page ] ====PASS

2018-04-13 15:58:00,322 [main] DEBUG  - Terminating processes
2018-04-13 15:58:00,405 [main] INFO   - 6556
2018-04-13 15:58:00,405 [main] INFO   - Trying to kill process with pid (s): [6556]
2018-04-13 15:58:00,415 [main] INFO   - No firefox process running
2018-04-13 15:58:00,424 [main] INFO   - 6542
2018-04-13 15:58:00,425 [main] INFO   - Trying to kill process with pid (s): [6542]
2018-04-13 15:58:00,433 [main] INFO   - No firefox process running
2018-04-13 15:58:00,437 [main] INFO   - path: Properties/Common/common-properties.xml
2018-04-13 15:58:00,671 [main] DEBUG  - indexUrl :http://admin:sky@192.168.0.2/sky_index.html
2018-04-13 15:59:03,952 [main] DEBUG  - ************Opening The Browser******************
2018-04-13 16:00:03,952 [main] INFO   - =============================================
2018-04-13 16:00:03,953 [main] INFO   - 
2018-04-13 16:00:03,953 [main] INFO   - [2] ========= [ Test Case Id : GUI-SPEC-4 ]========= [ Testcase Name : Requiremnet ID :1000.0552: The product shall provide a summary status page ] =========
2018-04-13 16:00:03,953 [main] INFO   - 
2018-04-13 16:00:03,953 [main] INFO   - Navigating to Home page
2018-04-13 16:00:03,953 [main] INFO   - Returing HOme object1
2018-04-13 16:03:08,363 [main] DEBUG  - Terminating processes
2018-04-13 16:03:08,446 [main] INFO   - 6961
2018-04-13 16:03:08,447 [main] INFO   - Trying to kill process with pid (s): [6961]
2018-04-13 16:03:08,456 [main] INFO   - No firefox process running
2018-04-13 16:03:08,464 [main] INFO   - 6947
2018-04-13 16:03:08,465 [main] INFO   - Trying to kill process with pid (s): [6947]
2018-04-13 16:03:08,474 [main] INFO   - No firefox process running
2018-04-13 16:03:08,477 [main] INFO   - path: Properties/Common/common-properties.xml
2018-04-13 16:03:08,721 [main] DEBUG  - indexUrl :http://admin:sky@192.168.0.2/sky_index.html
2018-04-13 16:04:11,951 [main] DEBUG  - ************Opening The Browser******************
2018-04-13 16:05:11,951 [main] INFO   - =============================================
2018-04-13 16:05:11,951 [main] INFO   - 
2018-04-13 16:05:11,952 [main] INFO   - [2] ========= [ Test Case Id : GUI-SPEC-4 ]========= [ Testcase Name : Requiremnet ID :1000.0552: The product shall provide a summary status page ] =========
2018-04-13 16:05:11,952 [main] INFO   - 
2018-04-13 16:05:11,952 [main] INFO   - Navigating to Home page
2018-04-13 16:05:11,952 [main] INFO   - Returing HOme object1
