2018-04-06 11:35:19,314 [main] INFO   -  ==== [ Test Case Id : Firmware-Upgrade ]==== [ Testcase Name : Firmware-Upgrade ] ====FAIL
Reason for failure :  Exception

2018-04-06 11:41:35,754 [main] INFO   -  ==== [ Test Case Id : Firmware-Upgrade ]==== [ Testcase Name : Firmware-Upgrade ] ====FAIL
Reason for failure :  Exception

2018-04-06 11:58:58,307 [main] INFO   -  ==== [ Test Case Id : Firmware-Upgrade ]==== [ Testcase Name : Firmware-Upgrade ] ====FAIL
Reason for failure :  Exception

2018-04-06 14:22:27,224 [main] INFO   -  ==== [ Test Case Id : Firmware-Upgrade ]==== [ Testcase Name : Firmware-Upgrade ] ====PASS

2018-04-06 14:23:20,804 [main] INFO   - =============================================
2018-04-06 14:23:20,805 [main] INFO   - 
2018-04-06 14:23:20,805 [main] INFO   - [2] ========= [ Test Case Id : Firmware-Upgrade ]========= [ Testcase Name : Firmware-Upgrade ] =========
2018-04-06 14:23:20,805 [main] INFO   - 
2018-04-06 14:23:20,806 [main] DEBUG  - indexUrl :http://admin:sky@192.168.0.2/sky_index.html
2018-04-06 14:23:24,401 [main] INFO   - Alert!!! Delay for preventing Broadband Error Page : Remove this in the next CI
2018-04-06 14:23:24,402 [main] INFO   - Firmwareupgrade successful .....
2018-04-06 14:23:24,402 [main] INFO   -  ==== [ Test Case Id : Firmware-Upgrade ]==== [ Testcase Name : Firmware-Upgrade ] ====PASS

2018-04-10 14:28:08,590 [main] INFO   - Bamboo Line Number1
2018-04-10 14:33:19,715 [main] INFO   - Bamboo Line Number1
2018-04-10 14:36:58,976 [main] INFO   - Bamboo Line Number1
2018-04-10 14:41:43,540 [main] INFO   - Bamboo Line Number1
2018-04-10 14:47:20,926 [main] INFO   - =============================================
2018-04-10 14:47:20,928 [main] INFO   - 
2018-04-10 14:47:20,928 [main] INFO   - [2] ========= [ Test Case Id : Firmware-Upgrade ]========= [ Testcase Name : Firmware-Upgrade ] =========
2018-04-10 14:47:20,928 [main] INFO   - 
2018-04-10 14:47:20,928 [main] DEBUG  - indexUrl :http://admin:sky@192.168.0.2/sky_index.html
2018-04-10 14:47:25,217 [main] INFO   - Clicked RestoreFactoryDefault Link
2018-04-10 14:47:29,229 [main] INFO   - Clicked YES button Success
2018-04-10 14:48:59,229 [main] INFO   - Success: Revert to Factory Settings page 
2018-04-10 14:48:59,229 [main] INFO   - Firmware Image path is: /home/test_user/jenkins/workspace/Firmware/Latest/latest-build.w
2018-04-10 14:49:19,346 [main] INFO   - THE ROUTER IS REBOOTING PLEASE WAIT .....
2018-04-10 14:53:27,487 [main] INFO   - Bamboo Line Number1
2018-04-10 14:56:40,447 [main] INFO   - Bamboo Line Number1
2018-04-10 15:37:30,104 [main] INFO   - Bamboo Line Number1
2018-04-11 15:23:43,965 [main] INFO   - Bamboo Line Number1
2018-04-11 15:24:57,323 [main] INFO   - Bamboo Line Number1
2018-04-11 16:10:22,279 [main] INFO   - Bamboo Line Number1
2018-04-11 16:10:42,986 [main] INFO   - =============================================
2018-04-11 16:10:42,988 [main] INFO   - 
2018-04-11 16:10:42,988 [main] INFO   - [2] ========= [ Test Case Id : Firmware-Upgrade ]========= [ Testcase Name : Firmware-Upgrade ] =========
2018-04-11 16:10:42,988 [main] INFO   - 
2018-04-11 16:10:42,988 [main] DEBUG  - indexUrl :http://admin:sky@192.168.0.2/sky_index.html
2018-04-11 16:18:20,532 [main] INFO   - =============================================
2018-04-11 16:18:20,534 [main] INFO   - 
2018-04-11 16:18:20,534 [main] INFO   - [2] ========= [ Test Case Id : Firmware-Upgrade ]========= [ Testcase Name : Firmware-Upgrade ] =========
2018-04-11 16:18:20,534 [main] INFO   - 
2018-04-11 16:18:20,534 [main] DEBUG  - indexUrl :http://admin:sky@192.168.0.2/sky_index.html
2018-04-11 16:25:51,034 [main] INFO   - Bamboo Line Number1
2018-04-11 16:27:50,984 [main] INFO   - Bamboo Line Number1
2018-04-11 16:39:49,985 [main] INFO   - Bamboo Line Number1
2018-04-11 16:44:33,801 [main] INFO   - Bamboo Line Number1
2018-04-11 16:52:05,809 [main] INFO   - Bamboo Line Number1
2018-04-11 16:56:43,241 [main] INFO   - Bamboo Line Number1
2018-04-11 17:12:04,836 [main] INFO   - Bamboo Line Number1
2018-04-11 17:18:03,279 [main] INFO   - Bamboo Line Number1
2018-04-11 17:30:24,869 [main] INFO   - Bamboo Line Number1
2018-04-13 10:22:23,652 [main] INFO   - Bamboo Line Number1
2018-04-13 15:37:27,576 [main] INFO   - Bamboo Line Number1
2018-04-13 15:45:35,443 [main] INFO   - Bamboo Line Number1
2018-04-13 15:58:00,311 [main] INFO   - Bamboo Line Number1
2018-04-13 16:03:08,351 [main] INFO   - Bamboo Line Number1
2018-04-16 09:43:48,955 [main] INFO   - Bamboo Line Number1
2018-04-16 10:18:55,389 [main] INFO   - Bamboo Line Number1
2018-04-16 10:22:01,994 [main] INFO   - Bamboo Line Number1
2018-04-16 10:35:21,543 [main] INFO   - Bamboo Line Number1
2018-04-16 10:40:28,638 [main] INFO   - Bamboo Line Number1
2018-04-16 10:43:20,717 [main] INFO   - Bamboo Line Number1
2018-04-16 10:44:03,603 [main] INFO   - Bamboo Line Number1
2018-04-16 10:52:52,879 [main] INFO   - Bamboo Line Number1
2018-04-16 10:54:31,795 [main] INFO   - Bamboo Line Number1
2018-04-16 11:10:05,509 [main] INFO   - Bamboo Line Number1
2018-04-16 11:46:40,293 [main] INFO   - Bamboo Line Number1
2018-04-16 11:54:57,759 [main] INFO   - Bamboo Line Number1
2018-04-16 11:57:10,329 [main] INFO   - Bamboo Line Number1
2018-04-16 12:00:18,795 [main] INFO   - Bamboo Line Number1
2018-04-16 12:02:11,179 [main] INFO   - Bamboo Line Number1
2018-04-16 12:03:39,446 [main] INFO   - Bamboo Line Number1
2018-04-16 12:05:03,878 [main] INFO   - Bamboo Line Number1
2018-04-16 12:18:57,349 [main] INFO   - Bamboo Line Number1
2018-04-16 14:24:48,709 [main] INFO   - Bamboo Line Number1
2018-04-16 14:29:46,935 [main] INFO   - Bamboo Line Number1
2018-04-16 14:30:45,536 [main] INFO   - Bamboo Line Number1
2018-04-16 14:57:31,531 [main] INFO   - Bamboo Line Number1
