2018-04-16 09:43:48,967 [main] DEBUG  - Terminating processes
2018-04-16 09:43:49,048 [main] INFO   - 7222
2018-04-16 09:43:49,049 [main] INFO   - Trying to kill process with pid (s): [7222]
2018-04-16 09:43:49,058 [main] INFO   - No firefox process running
2018-04-16 09:43:49,067 [main] INFO   - 7208
2018-04-16 09:43:49,067 [main] INFO   - Trying to kill process with pid (s): [7208]
2018-04-16 09:43:49,077 [main] INFO   - No firefox process running
2018-04-16 09:43:49,080 [main] INFO   - path: Properties/Common/common-properties.xml
2018-04-16 09:43:49,335 [main] DEBUG  - indexUrl :http://admin:sky@192.168.0.2/sky_index.html
2018-04-16 09:44:52,831 [main] DEBUG  - ************Opening The Browser******************
2018-04-16 09:45:52,831 [main] INFO   - =============================================
2018-04-16 09:45:52,831 [main] INFO   - 
2018-04-16 09:45:52,832 [main] INFO   - [2] ========= [ Test Case Id : GUI-SPEC-4 ]========= [ Testcase Name : Requiremnet ID :1000.0552: The product shall provide a summary status page ] =========
2018-04-16 09:45:52,832 [main] INFO   - 
2018-04-16 09:45:52,832 [main] INFO   - Navigating to Home page
2018-04-16 09:45:52,832 [main] INFO   - Returing HOme object1
2018-04-16 10:18:55,400 [main] DEBUG  - Terminating processes
2018-04-16 10:18:55,483 [main] INFO   - No firefox process running
2018-04-16 10:18:55,491 [main] INFO   - No firefox process running
2018-04-16 10:18:55,500 [main] INFO   - 40303
2018-04-16 10:18:55,500 [main] INFO   - Trying to kill process with pid (s): [40303]
2018-04-16 10:18:55,510 [main] INFO   - No firefox process running
2018-04-16 10:18:55,512 [main] INFO   - path: Properties/Common/common-properties.xml
2018-04-16 10:18:55,789 [main] DEBUG  - indexUrl :http://admin:sky@192.168.0.2/sky_index.html
2018-04-16 10:19:59,388 [main] DEBUG  - ************Opening The Browser******************
2018-04-16 10:20:59,388 [main] INFO   - =============================================
2018-04-16 10:20:59,388 [main] INFO   - 
2018-04-16 10:20:59,388 [main] INFO   - [2] ========= [ Test Case Id : GUI-SPEC-4 ]========= [ Testcase Name : Requiremnet ID :1000.0552: The product shall provide a summary status page ] =========
2018-04-16 10:20:59,389 [main] INFO   - 
2018-04-16 10:20:59,389 [main] INFO   - Navigating to Home page
2018-04-16 10:20:59,390 [main] INFO   - Returing Home object1
2018-04-16 10:22:02,009 [main] DEBUG  - Terminating processes
2018-04-16 10:22:02,096 [main] INFO   - 40843
2018-04-16 10:22:02,096 [main] INFO   - Trying to kill process with pid (s): [40843]
2018-04-16 10:22:02,105 [main] INFO   - No firefox process running
2018-04-16 10:22:02,116 [main] INFO   - 40829
2018-04-16 10:22:02,117 [main] INFO   - Trying to kill process with pid (s): [40829]
2018-04-16 10:22:02,146 [main] INFO   - No firefox process running
2018-04-16 10:22:02,153 [main] INFO   - path: Properties/Common/common-properties.xml
2018-04-16 10:22:02,386 [main] DEBUG  - indexUrl :http://admin:sky@192.168.0.2/sky_index.html
2018-04-16 10:22:05,681 [main] DEBUG  - ************Opening The Browser******************
2018-04-16 10:22:05,682 [main] INFO   - =============================================
2018-04-16 10:22:05,682 [main] INFO   - 
2018-04-16 10:22:05,682 [main] INFO   - [2] ========= [ Test Case Id : GUI-SPEC-4 ]========= [ Testcase Name : Requiremnet ID :1000.0552: The product shall provide a summary status page ] =========
2018-04-16 10:22:05,682 [main] INFO   - 
2018-04-16 10:22:05,682 [main] INFO   - Navigating to Home page
2018-04-16 10:22:05,683 [main] INFO   - Returing Home object1
2018-04-16 10:35:21,555 [main] DEBUG  - Terminating processes
2018-04-16 10:35:21,637 [main] INFO   - 41107
2018-04-16 10:35:21,637 [main] INFO   - Trying to kill process with pid (s): [41107]
2018-04-16 10:35:21,646 [main] INFO   - No firefox process running
2018-04-16 10:35:21,656 [main] INFO   - 41093
2018-04-16 10:35:21,656 [main] INFO   - Trying to kill process with pid (s): [41093]
2018-04-16 10:35:21,668 [main] INFO   - No firefox process running
2018-04-16 10:35:21,671 [main] INFO   - path: Properties/Common/common-properties.xml
2018-04-16 10:35:21,906 [main] DEBUG  - indexUrl :http://admin:sky@192.168.0.2/sky_index.html
2018-04-16 10:35:25,540 [main] DEBUG  - ************Opening The Browser******************
2018-04-16 10:35:25,541 [main] INFO   - =============================================
2018-04-16 10:35:25,541 [main] INFO   - 
2018-04-16 10:35:25,541 [main] INFO   - [2] ========= [ Test Case Id : GUI-SPEC-4 ]========= [ Testcase Name : Requiremnet ID :1000.0552: The product shall provide a summary status page ] =========
2018-04-16 10:35:25,541 [main] INFO   - 
2018-04-16 10:35:25,541 [main] INFO   - Navigating to Home page
2018-04-16 10:35:25,558 [main] INFO   - java.lang.ClassNotFoundException: Home
2018-04-16 10:35:25,558 [main] INFO   - 	at java.net.URLClassLoader.findClass(URLClassLoader.java:381)
2018-04-16 10:35:25,558 [main] INFO   - 	at java.lang.ClassLoader.loadClass(ClassLoader.java:424)
2018-04-16 10:35:25,558 [main] INFO   - 	at sun.misc.Launcher$AppClassLoader.loadClass(Launcher.java:338)
2018-04-16 10:35:25,559 [main] INFO   - 	at java.lang.ClassLoader.loadClass(ClassLoader.java:357)
2018-04-16 10:35:25,559 [main] INFO   - 	at java.lang.Class.forName0(Native Method)
2018-04-16 10:35:25,559 [main] INFO   - 	at java.lang.Class.forName(Class.java:264)
2018-04-16 10:35:25,559 [main] INFO   - 	at com.sky.common.CommonExecutionHelper.stringToWebelementSwitcher(CommonExecutionHelper.java:448)
2018-04-16 10:35:25,559 [main] INFO   - 	at com.sky.common.CommonExecutionHelper.checkPageDisplayed(CommonExecutionHelper.java:432)
2018-04-16 10:35:25,559 [main] INFO   - 	at com.sky.gui.GUIFunctionalTests.test_GUI_SPEC_4(GUIFunctionalTests.java:109)
2018-04-16 10:35:25,559 [main] INFO   - 	at sun.reflect.NativeMethodAccessorImpl.invoke0(Native Method)
2018-04-16 10:35:25,559 [main] INFO   - 	at sun.reflect.NativeMethodAccessorImpl.invoke(NativeMethodAccessorImpl.java:62)
2018-04-16 10:35:25,559 [main] INFO   - 	at sun.reflect.DelegatingMethodAccessorImpl.invoke(DelegatingMethodAccessorImpl.java:43)
2018-04-16 10:35:25,560 [main] INFO   - 	at java.lang.reflect.Method.invoke(Method.java:498)
2018-04-16 10:35:25,560 [main] INFO   - 	at org.junit.runners.model.FrameworkMethod$1.runReflectiveCall(FrameworkMethod.java:44)
2018-04-16 10:35:25,560 [main] INFO   - 	at org.junit.internal.runners.model.ReflectiveCallable.run(ReflectiveCallable.java:15)
2018-04-16 10:35:25,560 [main] INFO   - 	at org.junit.runners.model.FrameworkMethod.invokeExplosively(FrameworkMethod.java:41)
2018-04-16 10:35:25,560 [main] INFO   - 	at org.junit.internal.runners.statements.InvokeMethod.evaluate(InvokeMethod.java:20)
2018-04-16 10:35:25,560 [main] INFO   - 	at org.junit.internal.runners.statements.RunBefores.evaluate(RunBefores.java:28)
2018-04-16 10:35:25,560 [main] INFO   - 	at org.junit.internal.runners.statements.RunAfters.evaluate(RunAfters.java:31)
2018-04-16 10:35:25,560 [main] INFO   - 	at org.junit.runners.BlockJUnit4ClassRunner.runChild(BlockJUnit4ClassRunner.java:76)
2018-04-16 10:35:25,560 [main] INFO   - 	at org.junit.runners.BlockJUnit4ClassRunner.runChild(BlockJUnit4ClassRunner.java:50)
2018-04-16 10:35:25,561 [main] INFO   - 	at org.junit.runners.ParentRunner$3.run(ParentRunner.java:193)
2018-04-16 10:35:25,561 [main] INFO   - 	at org.junit.runners.ParentRunner$1.schedule(ParentRunner.java:52)
2018-04-16 10:35:25,561 [main] INFO   - 	at org.junit.runners.ParentRunner.runChildren(ParentRunner.java:191)
2018-04-16 10:35:25,577 [main] INFO   - 	at org.junit.runners.ParentRunner.access$000(ParentRunner.java:42)
2018-04-16 10:35:25,577 [main] INFO   - 	at org.junit.runners.ParentRunner$2.evaluate(ParentRunner.java:184)
2018-04-16 10:35:25,577 [main] INFO   - 	at org.junit.internal.runners.statements.RunBefores.evaluate(RunBefores.java:28)
2018-04-16 10:35:25,577 [main] INFO   - 	at org.junit.runners.ParentRunner.run(ParentRunner.java:236)
2018-04-16 10:35:25,577 [main] INFO   - 	at org.eclipse.jdt.internal.junit4.runner.JUnit4TestReference.run(JUnit4TestReference.java:86)
2018-04-16 10:35:25,577 [main] INFO   - 	at org.eclipse.jdt.internal.junit.runner.TestExecution.run(TestExecution.java:38)
2018-04-16 10:35:25,577 [main] INFO   - 	at org.eclipse.jdt.internal.junit.runner.RemoteTestRunner.runTests(RemoteTestRunner.java:538)
2018-04-16 10:35:25,577 [main] INFO   - 	at org.eclipse.jdt.internal.junit.runner.RemoteTestRunner.runTests(RemoteTestRunner.java:760)
2018-04-16 10:35:25,577 [main] INFO   - 	at org.eclipse.jdt.internal.junit.runner.RemoteTestRunner.run(RemoteTestRunner.java:460)
2018-04-16 10:35:25,577 [main] INFO   - 	at org.eclipse.jdt.internal.junit.runner.RemoteTestRunner.main(RemoteTestRunner.java:206)
2018-04-16 10:40:28,650 [main] DEBUG  - Terminating processes
2018-04-16 10:40:28,733 [main] INFO   - No firefox process running
2018-04-16 10:40:28,740 [main] INFO   - No firefox process running
2018-04-16 10:40:28,750 [main] INFO   - 41540
2018-04-16 10:40:28,750 [main] INFO   - Trying to kill process with pid (s): [41540]
2018-04-16 10:40:28,760 [main] INFO   - No firefox process running
2018-04-16 10:40:28,763 [main] INFO   - path: Properties/Common/common-properties.xml
2018-04-16 10:40:28,999 [main] DEBUG  - indexUrl :http://admin:sky@192.168.0.2/sky_index.html
2018-04-16 10:40:32,625 [main] DEBUG  - ************Opening The Browser******************
2018-04-16 10:40:32,625 [main] INFO   - =============================================
2018-04-16 10:40:32,625 [main] INFO   - 
2018-04-16 10:40:32,625 [main] INFO   - [2] ========= [ Test Case Id : GUI-SPEC-4 ]========= [ Testcase Name : Requiremnet ID :1000.0552: The product shall provide a summary status page ] =========
2018-04-16 10:40:32,625 [main] INFO   - 
2018-04-16 10:40:32,625 [main] INFO   - Navigating to Home page
2018-04-16 10:40:32,626 [main] INFO   - Returing Home object1
2018-04-16 10:43:20,728 [main] DEBUG  - Terminating processes
2018-04-16 10:43:20,811 [main] INFO   - 41824
2018-04-16 10:43:20,811 [main] INFO   - Trying to kill process with pid (s): [41824]
2018-04-16 10:43:20,820 [main] INFO   - No firefox process running
2018-04-16 10:43:20,829 [main] INFO   - 41810
2018-04-16 10:43:20,829 [main] INFO   - Trying to kill process with pid (s): [41810]
2018-04-16 10:43:20,838 [main] INFO   - No firefox process running
2018-04-16 10:43:20,842 [main] INFO   - path: Properties/Common/common-properties.xml
2018-04-16 10:43:21,079 [main] DEBUG  - indexUrl :http://admin:sky@192.168.0.2/sky_index.html
2018-04-16 10:43:24,256 [main] DEBUG  - ************Opening The Browser******************
2018-04-16 10:43:24,256 [main] INFO   - =============================================
2018-04-16 10:43:24,256 [main] INFO   - 
2018-04-16 10:43:24,256 [main] INFO   - [2] ========= [ Test Case Id : GUI-SPEC-4 ]========= [ Testcase Name : Requiremnet ID :1000.0552: The product shall provide a summary status page ] =========
2018-04-16 10:43:24,256 [main] INFO   - 
2018-04-16 10:44:03,615 [main] DEBUG  - Terminating processes
2018-04-16 10:44:03,698 [main] INFO   - 42112
2018-04-16 10:44:03,698 [main] INFO   - Trying to kill process with pid (s): [42112]
2018-04-16 10:44:03,708 [main] INFO   - No firefox process running
2018-04-16 10:44:03,718 [main] INFO   - 42098
2018-04-16 10:44:03,718 [main] INFO   - Trying to kill process with pid (s): [42098]
2018-04-16 10:44:03,727 [main] INFO   - No firefox process running
2018-04-16 10:44:03,730 [main] INFO   - path: Properties/Common/common-properties.xml
2018-04-16 10:44:03,971 [main] DEBUG  - indexUrl :http://admin:sky@192.168.0.2/sky_index.html
2018-04-16 10:44:07,443 [main] DEBUG  - ************Opening The Browser******************
2018-04-16 10:44:07,443 [main] INFO   - =============================================
2018-04-16 10:44:07,443 [main] INFO   - 
2018-04-16 10:44:07,443 [main] INFO   - [2] ========= [ Test Case Id : GUI-SPEC-4 ]========= [ Testcase Name : Requiremnet ID :1000.0552: The product shall provide a summary status page ] =========
2018-04-16 10:44:07,443 [main] INFO   - 
2018-04-16 10:44:07,443 [main] INFO   - Navigating to Home page
2018-04-16 10:44:07,444 [main] INFO   - Returing Home object1
2018-04-16 10:52:52,891 [main] DEBUG  - Terminating processes
2018-04-16 10:52:52,972 [main] INFO   - No firefox process running
2018-04-16 10:52:52,980 [main] INFO   - No firefox process running
2018-04-16 10:52:52,989 [main] INFO   - 42316
2018-04-16 10:52:52,990 [main] INFO   - Trying to kill process with pid (s): [42316]
2018-04-16 10:52:53,000 [main] INFO   - No firefox process running
2018-04-16 10:52:53,003 [main] INFO   - path: Properties/Common/common-properties.xml
2018-04-16 10:52:53,239 [main] DEBUG  - indexUrl :http://admin:sky@192.168.0.2/sky_index.html
2018-04-16 10:52:56,731 [main] DEBUG  - ************Opening The Browser******************
2018-04-16 10:52:56,732 [main] INFO   - =============================================
2018-04-16 10:52:56,732 [main] INFO   - 
2018-04-16 10:52:56,732 [main] INFO   - [2] ========= [ Test Case Id : GUI-SPEC-4 ]========= [ Testcase Name : Requiremnet ID :1000.0552: The product shall provide a summary status page ] =========
2018-04-16 10:52:56,732 [main] INFO   - 
2018-04-16 10:52:56,732 [main] INFO   - Navigating to Home page
2018-04-16 10:52:56,732 [main] INFO   - Creating class pageObjects.Home
2018-04-16 10:52:56,733 [main] INFO   - Returing Home object1
2018-04-16 10:54:31,807 [main] DEBUG  - Terminating processes
2018-04-16 10:54:31,888 [main] INFO   - 42610
2018-04-16 10:54:31,888 [main] INFO   - Trying to kill process with pid (s): [42610]
2018-04-16 10:54:31,897 [main] INFO   - No firefox process running
2018-04-16 10:54:31,907 [main] INFO   - 42596
2018-04-16 10:54:31,907 [main] INFO   - Trying to kill process with pid (s): [42596]
2018-04-16 10:54:31,915 [main] INFO   - No firefox process running
2018-04-16 10:54:31,918 [main] INFO   - path: Properties/Common/common-properties.xml
2018-04-16 10:54:32,156 [main] DEBUG  - indexUrl :http://admin:sky@192.168.0.2/sky_index.html
2018-04-16 10:54:35,399 [main] DEBUG  - ************Opening The Browser******************
2018-04-16 10:54:35,399 [main] INFO   - =============================================
2018-04-16 10:54:35,399 [main] INFO   - 
2018-04-16 10:54:35,399 [main] INFO   - [2] ========= [ Test Case Id : GUI-SPEC-4 ]========= [ Testcase Name : Requiremnet ID :1000.0552: The product shall provide a summary status page ] =========
2018-04-16 10:54:35,399 [main] INFO   - 
2018-04-16 10:54:35,399 [main] INFO   - Navigating to Home page
2018-04-16 10:54:35,400 [main] INFO   - Creating class Home
2018-04-16 10:54:35,401 [main] INFO   - Returing Home object1
2018-04-16 11:10:05,520 [main] DEBUG  - Terminating processes
2018-04-16 11:10:05,604 [main] INFO   - No firefox process running
2018-04-16 11:10:05,613 [main] INFO   - No firefox process running
2018-04-16 11:10:05,621 [main] INFO   - 42870
2018-04-16 11:10:05,621 [main] INFO   - Trying to kill process with pid (s): [42870]
2018-04-16 11:10:05,632 [main] INFO   - No firefox process running
2018-04-16 11:10:05,636 [main] INFO   - path: Properties/Common/common-properties.xml
2018-04-16 11:10:05,872 [main] DEBUG  - indexUrl :http://admin:sky@192.168.0.2/sky_index.html
2018-04-16 11:10:09,397 [main] DEBUG  - ************Opening The Browser******************
2018-04-16 11:10:09,397 [main] INFO   - =============================================
2018-04-16 11:10:09,398 [main] INFO   - 
2018-04-16 11:10:09,398 [main] INFO   - [2] ========= [ Test Case Id : GUI-SPEC-4 ]========= [ Testcase Name : Requiremnet ID :1000.0552: The product shall provide a summary status page ] =========
2018-04-16 11:10:09,398 [main] INFO   - 
2018-04-16 11:10:09,398 [main] INFO   - Navigating to Home page
2018-04-16 11:10:09,398 [main] INFO   - Creating class Home
2018-04-16 11:10:09,399 [main] INFO   - Returing Home object1
2018-04-16 11:46:40,304 [main] DEBUG  - Terminating processes
2018-04-16 11:46:40,390 [main] INFO   - 43404
2018-04-16 11:46:40,390 [main] INFO   - Trying to kill process with pid (s): [43404]
2018-04-16 11:46:40,401 [main] INFO   - No firefox process running
2018-04-16 11:46:40,410 [main] INFO   - 43390
2018-04-16 11:46:40,410 [main] INFO   - Trying to kill process with pid (s): [43390]
2018-04-16 11:46:40,419 [main] INFO   - No firefox process running
2018-04-16 11:46:40,423 [main] INFO   - path: Properties/Common/common-properties.xml
2018-04-16 11:46:40,685 [main] DEBUG  - indexUrl :http://admin:sky@192.168.0.2/sky_index.html
2018-04-16 11:46:44,319 [main] DEBUG  - ************Opening The Browser******************
2018-04-16 11:46:44,320 [main] INFO   - =============================================
2018-04-16 11:46:44,320 [main] INFO   - 
2018-04-16 11:46:44,320 [main] INFO   - [2] ========= [ Test Case Id : GUI-SPEC-4 ]========= [ Testcase Name : Requiremnet ID :1000.0552: The product shall provide a summary status page ] =========
2018-04-16 11:46:44,320 [main] INFO   - 
2018-04-16 11:54:57,770 [main] DEBUG  - Terminating processes
2018-04-16 11:54:57,851 [main] INFO   - 43837
2018-04-16 11:54:57,851 [main] INFO   - Trying to kill process with pid (s): [43837]
2018-04-16 11:54:57,860 [main] INFO   - No firefox process running
2018-04-16 11:54:57,870 [main] INFO   - 43823
2018-04-16 11:54:57,870 [main] INFO   - Trying to kill process with pid (s): [43823]
2018-04-16 11:54:57,880 [main] INFO   - No firefox process running
2018-04-16 11:54:57,884 [main] INFO   - path: Properties/Common/common-properties.xml
2018-04-16 11:54:58,119 [main] DEBUG  - indexUrl :http://admin:sky@192.168.0.2/sky_index.html
2018-04-16 11:55:01,474 [main] DEBUG  - ************Opening The Browser******************
2018-04-16 11:55:01,475 [main] INFO   - =============================================
2018-04-16 11:55:01,475 [main] INFO   - 
2018-04-16 11:55:01,475 [main] INFO   - [2] ========= [ Test Case Id : GUI-SPEC-4 ]========= [ Testcase Name : Requiremnet ID :1000.0552: The product shall provide a summary status page ] =========
2018-04-16 11:55:01,475 [main] INFO   - 
2018-04-16 11:55:01,475 [main] INFO   - Navigating to Home page
2018-04-16 11:55:01,475 [main] INFO   - Creating class Home
2018-04-16 11:55:01,476 [main] INFO   - Returing Home object1
2018-04-16 11:57:10,341 [main] DEBUG  - Terminating processes
2018-04-16 11:57:10,422 [main] INFO   - No firefox process running
2018-04-16 11:57:10,433 [main] INFO   - No firefox process running
2018-04-16 11:57:10,443 [main] INFO   - 44279
2018-04-16 11:57:10,443 [main] INFO   - Trying to kill process with pid (s): [44279]
2018-04-16 11:57:10,452 [main] INFO   - No firefox process running
2018-04-16 11:57:10,455 [main] INFO   - path: Properties/Common/common-properties.xml
2018-04-16 11:57:10,700 [main] DEBUG  - indexUrl :http://admin:sky@192.168.0.2/sky_index.html
2018-04-16 11:57:13,918 [main] DEBUG  - ************Opening The Browser******************
2018-04-16 11:57:13,918 [main] INFO   - =============================================
2018-04-16 11:57:13,919 [main] INFO   - 
2018-04-16 11:57:13,919 [main] INFO   - [2] ========= [ Test Case Id : GUI-SPEC-4 ]========= [ Testcase Name : Requiremnet ID :1000.0552: The product shall provide a summary status page ] =========
2018-04-16 11:57:13,919 [main] INFO   - 
2018-04-16 11:57:13,919 [main] INFO   - Navigating to Home page
2018-04-16 11:57:13,919 [main] INFO   - Creating class Home
2018-04-16 11:57:13,920 [main] INFO   - Returing Home object1
2018-04-16 11:57:13,920 [main] INFO   - Returing null
2018-04-16 12:00:18,806 [main] DEBUG  - Terminating processes
2018-04-16 12:00:18,887 [main] INFO   - 44537
2018-04-16 12:00:18,888 [main] INFO   - Trying to kill process with pid (s): [44537]
2018-04-16 12:00:18,897 [main] INFO   - No firefox process running
2018-04-16 12:00:18,906 [main] INFO   - 44523
2018-04-16 12:00:18,907 [main] INFO   - Trying to kill process with pid (s): [44523]
2018-04-16 12:00:18,915 [main] INFO   - No firefox process running
2018-04-16 12:00:18,924 [main] INFO   - path: Properties/Common/common-properties.xml
2018-04-16 12:00:19,161 [main] DEBUG  - indexUrl :http://admin:sky@192.168.0.2/sky_index.html
2018-04-16 12:00:22,479 [main] DEBUG  - ************Opening The Browser******************
2018-04-16 12:00:22,480 [main] INFO   - =============================================
2018-04-16 12:00:22,480 [main] INFO   - 
2018-04-16 12:00:22,480 [main] INFO   - [2] ========= [ Test Case Id : GUI-SPEC-4 ]========= [ Testcase Name : Requiremnet ID :1000.0552: The product shall provide a summary status page ] =========
2018-04-16 12:00:22,480 [main] INFO   - 
2018-04-16 12:00:22,480 [main] INFO   - Navigating to Home page
2018-04-16 12:00:22,480 [main] INFO   - Creating class Home
2018-04-16 12:00:22,481 [main] INFO   - Returing Home object1
2018-04-16 12:00:23,165 [main] INFO   -  ==== [ Test Case Id : GUI-SPEC-4 ]==== [ Testcase Name : Requiremnet ID :1000.0552: The product shall provide a summary status page ] ====PASS

2018-04-16 12:02:11,190 [main] DEBUG  - Terminating processes
2018-04-16 12:02:11,279 [main] INFO   - 44792
2018-04-16 12:02:11,280 [main] INFO   - Trying to kill process with pid (s): [44792]
2018-04-16 12:02:11,289 [main] INFO   - No firefox process running
2018-04-16 12:02:11,299 [main] INFO   - 44778
2018-04-16 12:02:11,299 [main] INFO   - Trying to kill process with pid (s): [44778]
2018-04-16 12:02:11,309 [main] INFO   - No firefox process running
2018-04-16 12:02:11,314 [main] INFO   - path: Properties/Common/common-properties.xml
2018-04-16 12:02:11,567 [main] DEBUG  - indexUrl :http://admin:sky@192.168.0.2/sky_index.html
2018-04-16 12:02:14,922 [main] DEBUG  - ************Opening The Browser******************
2018-04-16 12:02:14,922 [main] INFO   - =============================================
2018-04-16 12:02:14,922 [main] INFO   - 
2018-04-16 12:02:14,922 [main] INFO   - [2] ========= [ Test Case Id : GUI-SPEC-4 ]========= [ Testcase Name : Requiremnet ID :1000.0552: The product shall provide a summary status page ] =========
2018-04-16 12:02:14,922 [main] INFO   - 
2018-04-16 12:02:14,922 [main] INFO   - Navigating to Home page
2018-04-16 12:02:14,923 [main] INFO   - Creating class Home
2018-04-16 12:02:14,924 [main] INFO   - Returing Home object1
2018-04-16 12:02:15,809 [main] INFO   -  ==== [ Test Case Id : GUI-SPEC-4 ]==== [ Testcase Name : Requiremnet ID :1000.0552: The product shall provide a summary status page ] ====PASS

2018-04-16 12:03:39,457 [main] DEBUG  - Terminating processes
2018-04-16 12:03:39,540 [main] INFO   - 45039
2018-04-16 12:03:39,540 [main] INFO   - Trying to kill process with pid (s): [45039]
2018-04-16 12:03:39,549 [main] INFO   - No firefox process running
2018-04-16 12:03:39,558 [main] INFO   - 45025
2018-04-16 12:03:39,558 [main] INFO   - Trying to kill process with pid (s): [45025]
2018-04-16 12:03:39,567 [main] INFO   - No firefox process running
2018-04-16 12:03:39,571 [main] INFO   - path: Properties/Common/common-properties.xml
2018-04-16 12:03:39,804 [main] DEBUG  - indexUrl :http://admin:sky@192.168.0.2/sky_index.html
2018-04-16 12:03:42,904 [main] DEBUG  - ************Opening The Browser******************
2018-04-16 12:03:42,904 [main] INFO   - =============================================
2018-04-16 12:03:42,904 [main] INFO   - 
2018-04-16 12:03:42,905 [main] INFO   - [2] ========= [ Test Case Id : GUI-SPEC-4 ]========= [ Testcase Name : Requiremnet ID :1000.0552: The product shall provide a summary status page ] =========
2018-04-16 12:03:42,905 [main] INFO   - 
2018-04-16 12:03:42,905 [main] INFO   - Navigating to Home page
2018-04-16 12:03:42,905 [main] INFO   - Creating class Home
2018-04-16 12:03:42,906 [main] INFO   - Returing Home object1
2018-04-16 12:03:43,732 [main] INFO   -  ==== [ Test Case Id : GUI-SPEC-4 ]==== [ Testcase Name : Requiremnet ID :1000.0552: The product shall provide a summary status page ] ====PASS

2018-04-16 12:05:03,890 [main] DEBUG  - Terminating processes
2018-04-16 12:05:03,972 [main] INFO   - 45295
2018-04-16 12:05:03,972 [main] INFO   - Trying to kill process with pid (s): [45295]
2018-04-16 12:05:03,981 [main] INFO   - No firefox process running
2018-04-16 12:05:03,991 [main] INFO   - 45281
2018-04-16 12:05:03,992 [main] INFO   - Trying to kill process with pid (s): [45281]
2018-04-16 12:05:04,001 [main] INFO   - No firefox process running
2018-04-16 12:05:04,005 [main] INFO   - path: Properties/Common/common-properties.xml
2018-04-16 12:05:04,242 [main] DEBUG  - indexUrl :http://admin:sky@192.168.0.2/sky_index.html
2018-04-16 12:05:07,448 [main] DEBUG  - ************Opening The Browser******************
2018-04-16 12:05:07,448 [main] INFO   - =============================================
2018-04-16 12:05:07,448 [main] INFO   - 
2018-04-16 12:05:07,448 [main] INFO   - [2] ========= [ Test Case Id : GUI-SPEC-4 ]========= [ Testcase Name : Requiremnet ID :1000.0552: The product shall provide a summary status page ] =========
2018-04-16 12:05:07,448 [main] INFO   - 
2018-04-16 12:05:07,449 [main] INFO   - Navigating to Home page
2018-04-16 12:05:07,449 [main] INFO   - Creating class Home
2018-04-16 12:05:07,450 [main] INFO   - Returing Home object1
2018-04-16 12:05:07,450 [main] INFO   - Returing Home object2
2018-04-16 12:05:08,258 [main] INFO   -  ==== [ Test Case Id : GUI-SPEC-4 ]==== [ Testcase Name : Requiremnet ID :1000.0552: The product shall provide a summary status page ] ====PASS

2018-04-16 12:18:57,361 [main] DEBUG  - Terminating processes
2018-04-16 12:18:57,446 [main] INFO   - 45539
2018-04-16 12:18:57,447 [main] INFO   - Trying to kill process with pid (s): [45539]
2018-04-16 12:18:57,456 [main] INFO   - No firefox process running
2018-04-16 12:18:57,465 [main] INFO   - 45525
2018-04-16 12:18:57,466 [main] INFO   - Trying to kill process with pid (s): [45525]
2018-04-16 12:18:57,474 [main] INFO   - No firefox process running
2018-04-16 12:18:57,478 [main] INFO   - path: Properties/Common/common-properties.xml
2018-04-16 12:18:57,720 [main] DEBUG  - indexUrl :http://admin:sky@192.168.0.2/sky_index.html
2018-04-16 12:19:01,111 [main] DEBUG  - ************Opening The Browser******************
2018-04-16 12:19:01,112 [main] INFO   - =============================================
2018-04-16 12:19:01,112 [main] INFO   - 
2018-04-16 12:19:01,112 [main] INFO   - [2] ========= [ Test Case Id : GUI-SPEC-4 ]========= [ Testcase Name : Requiremnet ID :1000.0552: The product shall provide a summary status page ] =========
2018-04-16 12:19:01,112 [main] INFO   - 
2018-04-16 14:24:48,721 [main] DEBUG  - Terminating processes
2018-04-16 14:24:48,809 [main] INFO   - 45908
2018-04-16 14:24:48,810 [main] INFO   - Trying to kill process with pid (s): [45908]
2018-04-16 14:24:48,820 [main] INFO   - No firefox process running
2018-04-16 14:24:48,828 [main] INFO   - 45894
2018-04-16 14:24:48,829 [main] INFO   - Trying to kill process with pid (s): [45894]
2018-04-16 14:24:48,837 [main] INFO   - No firefox process running
2018-04-16 14:24:48,840 [main] INFO   - path: Properties/Common/common-properties.xml
2018-04-16 14:24:49,097 [main] DEBUG  - indexUrl :http://admin:sky@192.168.0.2/sky_index.html
2018-04-16 14:24:52,797 [main] DEBUG  - ************Opening The Browser******************
2018-04-16 14:24:52,797 [main] INFO   - =============================================
2018-04-16 14:24:52,797 [main] INFO   - 
2018-04-16 14:24:52,797 [main] INFO   - [2] ========= [ Test Case Id : GUI-SPEC-4 ]========= [ Testcase Name : Requiremnet ID :1000.0552: The product shall provide a summary status page ] =========
2018-04-16 14:24:52,797 [main] INFO   - 
2018-04-16 14:24:52,798 [main] INFO   - Creating class Home
2018-04-16 14:24:52,799 [main] INFO   - Returing Home object1
2018-04-16 14:24:53,739 [main] INFO   -  ==== [ Test Case Id : GUI-SPEC-4 ]==== [ Testcase Name : Requiremnet ID :1000.0552: The product shall provide a summary status page ] ====PASS

2018-04-16 14:29:46,947 [main] DEBUG  - Terminating processes
2018-04-16 14:29:47,035 [main] INFO   - 47264
2018-04-16 14:29:47,035 [main] INFO   - Trying to kill process with pid (s): [47264]
2018-04-16 14:29:47,045 [main] INFO   - No firefox process running
2018-04-16 14:29:47,054 [main] INFO   - 47250
2018-04-16 14:29:47,054 [main] INFO   - Trying to kill process with pid (s): [47250]
2018-04-16 14:29:47,064 [main] INFO   - No firefox process running
2018-04-16 14:29:47,067 [main] INFO   - path: Properties/Common/common-properties.xml
2018-04-16 14:29:47,317 [main] DEBUG  - indexUrl :http://admin:sky@192.168.0.2/sky_index.html
2018-04-16 14:29:50,642 [main] DEBUG  - ************Opening The Browser******************
2018-04-16 14:29:50,642 [main] INFO   - =============================================
2018-04-16 14:29:50,642 [main] INFO   - 
2018-04-16 14:29:50,643 [main] INFO   - [2] ========= [ Test Case Id : GUI-SPEC-4 ]========= [ Testcase Name : Requiremnet ID :1000.0552: The product shall provide a summary status page ] =========
2018-04-16 14:29:50,643 [main] INFO   - 
2018-04-16 14:29:50,643 [main] INFO   - Navigating to page Home
2018-04-16 14:29:51,374 [main] INFO   - Home page tile Summary Status
2018-04-16 14:29:51,389 [main] DEBUG  -  Navigate to Home page is successful
2018-04-16 14:29:51,389 [main] INFO   -  ==== [ Test Case Id : GUI-SPEC-4 ]==== [ Testcase Name : Requiremnet ID :1000.0552: The product shall provide a summary status page ] ====PASS

2018-04-16 14:30:45,547 [main] DEBUG  - Terminating processes
2018-04-16 14:30:45,629 [main] INFO   - 47577
2018-04-16 14:30:45,630 [main] INFO   - Trying to kill process with pid (s): [47577]
2018-04-16 14:30:45,638 [main] INFO   - No firefox process running
2018-04-16 14:30:45,647 [main] INFO   - 47563
2018-04-16 14:30:45,647 [main] INFO   - Trying to kill process with pid (s): [47563]
2018-04-16 14:30:45,657 [main] INFO   - No firefox process running
2018-04-16 14:30:45,661 [main] INFO   - path: Properties/Common/common-properties.xml
2018-04-16 14:30:45,892 [main] DEBUG  - indexUrl :http://admin:sky@192.168.0.2/sky_index.html
2018-04-16 14:30:49,190 [main] DEBUG  - ************Opening The Browser******************
2018-04-16 14:30:49,191 [main] INFO   - =============================================
2018-04-16 14:30:49,191 [main] INFO   - 
2018-04-16 14:30:49,191 [main] INFO   - [2] ========= [ Test Case Id : GUI-SPEC-4 ]========= [ Testcase Name : Requiremnet ID :1000.0552: The product shall provide a summary status page ] =========
2018-04-16 14:30:49,191 [main] INFO   - 
2018-04-16 14:30:49,191 [main] INFO   - Navigating to page Home
2018-04-16 14:30:50,105 [main] INFO   - Home page tile is " Summary Status"
2018-04-16 14:30:50,121 [main] DEBUG  -  Navigate to Home page is successful
2018-04-16 14:30:50,121 [main] INFO   -  ==== [ Test Case Id : GUI-SPEC-4 ]==== [ Testcase Name : Requiremnet ID :1000.0552: The product shall provide a summary status page ] ====PASS

2018-04-16 14:57:31,542 [main] DEBUG  - Terminating processes
2018-04-16 14:57:31,624 [main] INFO   - 47814
2018-04-16 14:57:31,624 [main] INFO   - Trying to kill process with pid (s): [47814]
2018-04-16 14:57:31,633 [main] INFO   - No firefox process running
2018-04-16 14:57:31,642 [main] INFO   - 47800
2018-04-16 14:57:31,642 [main] INFO   - Trying to kill process with pid (s): [47800]
2018-04-16 14:57:31,650 [main] INFO   - No firefox process running
2018-04-16 14:57:31,654 [main] INFO   - path: Properties/Common/common-properties.xml
2018-04-16 14:57:31,887 [main] DEBUG  - indexUrl :http://admin:sky@192.168.0.2/sky_index.html
2018-04-16 14:57:35,285 [main] DEBUG  - ************Opening The Browser******************
2018-04-16 14:57:35,285 [main] INFO   - =============================================
2018-04-16 14:57:35,285 [main] INFO   - 
2018-04-16 14:57:35,285 [main] INFO   - [2] ========= [ Test Case Id : GUI-SPEC-19 ]========= [ Testcase Name : Requiremnet ID :1000.0362 The product shall inform the user of the wireless access point SSID name when the user requests to view wireless settings ] =========
2018-04-16 14:57:35,285 [main] INFO   - 
2018-04-16 14:57:35,285 [main] DEBUG  - Precondition : Capturing SSID name from Maintenance and Summary Page.
